The system is: Windows - 10.0.17134 - AMD64
Compiling the C compiler identification source file "CMakeCCompilerId.c" succeeded.
Compiler: C:/Program Files (x86)/Microsoft Visual Studio/2017/Community/VC/Tools/MSVC/14.15.26726/bin/Hostx86/x86/cl.exe 
Build flags: 
Id flags:  

The output was:
0
Compilateur d'optimisation Microsoft (R) C/C++ versionÿ19.15.26730 pour x86
Copyright (C) Microsoft Corporation. Tous droits r‚serv‚s.

CMakeCCompilerId.c
Microsoft (R) Incremental Linker Version 14.15.26730.0
Copyright (C) Microsoft Corporation.  All rights reserved.

/out:CMakeCCompilerId.exe 
CMakeCCompilerId.obj 


Compilation of the C compiler identification source "CMakeCCompilerId.c" produced "CMakeCCompilerId.exe"

Compilation of the C compiler identification source "CMakeCCompilerId.c" produced "CMakeCCompilerId.obj"

The C compiler identification is MSVC, found in "C:/Users/mathi/CLionProjects/git_proj/double_pointeur/cmake-build-debug/CMakeFiles/3.14.2/CompilerIdC/CMakeCCompilerId.exe"

Determining if the C compiler works passed with the following output:
Change Dir: C:/Users/mathi/CLionProjects/git_proj/double_pointeur/cmake-build-debug/CMakeFiles/CMakeTmp

Run Build Command(s):nmake /nologo cmTC_1d8a0\fast 
	"C:\Program Files (x86)\Microsoft Visual Studio\2017\Community\VC\Tools\MSVC\14.15.26726\bin\HostX86\x86\nmake.exe" -f CMakeFiles\cmTC_1d8a0.dir\build.make /nologo -L                  CMakeFiles\cmTC_1d8a0.dir\build
Building C object CMakeFiles/cmTC_1d8a0.dir/testCCompiler.c.obj
	C:\PROGRA~2\MICROS~3\2017\COMMUN~1\VC\Tools\MSVC\1415~1.267\bin\Hostx86\x86\cl.exe @C:\Users\mathi\AppData\Local\Temp\nm94E1.tmp
testCCompiler.c
Linking C executable cmTC_1d8a0.exe
	"C:\Program Files\JetBrains\CLion 2019.1.2\bin\cmake\win\bin\cmake.exe" -E vs_link_exe --intdir=CMakeFiles\cmTC_1d8a0.dir --rc=C:\PROGRA~2\WI3CF2~1\10\bin\100171~1.0\x86\rc.exe --mt=C:\PROGRA~2\WI3CF2~1\10\bin\100171~1.0\x86\mt.exe --manifests  -- C:\PROGRA~2\MICROS~3\2017\COMMUN~1\VC\Tools\MSVC\1415~1.267\bin\Hostx86\x86\link.exe /nologo @CMakeFiles\cmTC_1d8a0.dir\objects1.rsp @C:\Users\mathi\AppData\Local\Temp\nm9550.tmp


Detecting C compiler ABI info compiled with the following output:
Change Dir: C:/Users/mathi/CLionProjects/git_proj/double_pointeur/cmake-build-debug/CMakeFiles/CMakeTmp

Run Build Command(s):nmake /nologo cmTC_c70f2\fast 
	"C:\Program Files (x86)\Microsoft Visual Studio\2017\Community\VC\Tools\MSVC\14.15.26726\bin\HostX86\x86\nmake.exe" -f CMakeFiles\cmTC_c70f2.dir\build.make /nologo -L                  CMakeFiles\cmTC_c70f2.dir\build
Building C object CMakeFiles/cmTC_c70f2.dir/CMakeCCompilerABI.c.obj
	C:\PROGRA~2\MICROS~3\2017\COMMUN~1\VC\Tools\MSVC\1415~1.267\bin\Hostx86\x86\cl.exe @C:\Users\mathi\AppData\Local\Temp\nm98F8.tmp
CMakeCCompilerABI.c
Linking C executable cmTC_c70f2.exe
	"C:\Program Files\JetBrains\CLion 2019.1.2\bin\cmake\win\bin\cmake.exe" -E vs_link_exe --intdir=CMakeFiles\cmTC_c70f2.dir --rc=C:\PROGRA~2\WI3CF2~1\10\bin\100171~1.0\x86\rc.exe --mt=C:\PROGRA~2\WI3CF2~1\10\bin\100171~1.0\x86\mt.exe --manifests  -- C:\PROGRA~2\MICROS~3\2017\COMMUN~1\VC\Tools\MSVC\1415~1.267\bin\Hostx86\x86\link.exe /nologo @CMakeFiles\cmTC_c70f2.dir\objects1.rsp @C:\Users\mathi\AppData\Local\Temp\nm9957.tmp




Detecting C [] compiler features compiled with the following output:
Change Dir: C:/Users/mathi/CLionProjects/git_proj/double_pointeur/cmake-build-debug/CMakeFiles/CMakeTmp

Run Build Command(s):nmake /nologo cmTC_b74c7\fast 
	"C:\Program Files (x86)\Microsoft Visual Studio\2017\Community\VC\Tools\MSVC\14.15.26726\bin\HostX86\x86\nmake.exe" -f CMakeFiles\cmTC_b74c7.dir\build.make /nologo -L                  CMakeFiles\cmTC_b74c7.dir\build
Building C object CMakeFiles/cmTC_b74c7.dir/feature_tests.c.obj
	C:\PROGRA~2\MICROS~3\2017\COMMUN~1\VC\Tools\MSVC\1415~1.267\bin\Hostx86\x86\cl.exe @C:\Users\mathi\AppData\Local\Temp\nm9D2E.tmp
feature_tests.c
Linking C executable cmTC_b74c7.exe
	"C:\Program Files\JetBrains\CLion 2019.1.2\bin\cmake\win\bin\cmake.exe" -E vs_link_exe --intdir=CMakeFiles\cmTC_b74c7.dir --rc=C:\PROGRA~2\WI3CF2~1\10\bin\100171~1.0\x86\rc.exe --mt=C:\PROGRA~2\WI3CF2~1\10\bin\100171~1.0\x86\mt.exe --manifests  -- C:\PROGRA~2\MICROS~3\2017\COMMUN~1\VC\Tools\MSVC\1415~1.267\bin\Hostx86\x86\link.exe /nologo @CMakeFiles\cmTC_b74c7.dir\objects1.rsp @C:\Users\mathi\AppData\Local\Temp\nm9D8D.tmp


    Feature record: C_FEATURE:1c_function_prototypes
    Feature record: C_FEATURE:1c_variadic_macros
